[2022-05-08T13:28:31.298] [INFO] default - GET /api/products/6277edf034bb1d7e66ac7a01
[2022-05-08T13:31:03.396] [INFO] default - GET /api/info/
[2022-05-08T13:35:30.927] [INFO] default - GET /api/info/
[2022-05-08T13:38:18.514] [INFO] default - GET /api/i12fo/
[2022-05-08T13:43:28.530] [INFO] default - GET /api/wsp/
[2022-05-08T13:43:46.529] [INFO] default - GET /api/wsp/
[2022-05-08T13:44:40.978] [INFO] default - GET /api/wsp/
[2022-05-08T13:45:46.151] [INFO] default - GET /api/mail/
[2022-05-08T14:45:15.342] [INFO] default - GET /api/wsp/
[2022-05-08T14:51:57.833] [INFO] default - GET /api/wsp/
[2022-05-08T14:56:19.088] [INFO] default - GET /api/wsp/
[2022-05-08T15:00:39.324] [INFO] default - GET /api/wsp/
[2022-05-08T15:03:22.469] [INFO] default - GET /api/sms/
[2022-05-08T15:05:09.193] [INFO] default - GET /api/sms/
[2022-05-08T15:09:35.692] [INFO] default - GET /api/sms/
[2022-05-08T15:11:40.727] [INFO] default - GET /api/sms/
[2022-05-08T15:12:04.164] [INFO] default - GET /api/sms/
[2022-05-08T15:47:35.180] [INFO] default - GET /api/products
[2022-05-08T15:48:23.353] [INFO] default - GET /api/mail/
[2022-05-08T15:53:41.496] [INFO] default - POST /api/session/register
[2022-05-08T15:56:25.541] [INFO] default - POST /api/session/login
[2022-05-08T15:56:27.961] [INFO] default - GET /api/session/current
[2022-05-08T15:56:27.998] [INFO] default - GET /api/session/current
[2022-05-08T15:56:28.832] [INFO] default - GET /api/products
[2022-05-08T15:57:05.490] [INFO] default - POST /api/session/login
[2022-05-08T15:58:18.252] [INFO] default - POST /api/session/register
[2022-05-08T15:59:37.200] [INFO] default - POST /api/session/register
[2022-05-08T16:00:45.849] [INFO] default - POST /api/session/register
[2022-05-08T16:07:29.976] [INFO] default - POST /api/session/register
[2022-05-08T16:09:25.824] [INFO] default - POST /api/session/register
[2022-05-08T16:12:14.919] [INFO] default - POST /api/session/register
[2022-05-08T16:13:09.671] [INFO] default - POST /api/session/register
[2022-05-08T16:21:24.302] [INFO] default - POST /api/session/login
[2022-05-08T16:21:26.871] [INFO] default - GET /api/session/current
[2022-05-08T16:21:27.213] [INFO] default - GET /api/session/current
[2022-05-08T16:21:27.291] [INFO] default - GET /api/products
[2022-05-08T16:21:39.966] [INFO] default - POST /api/session/login
[2022-05-08T16:23:13.482] [INFO] default - POST /api/session/register
[2022-05-08T16:27:13.170] [INFO] default - POST /api/session/register
[2022-05-08T16:31:25.637] [INFO] default - POST /api/session/register
[2022-05-08T16:39:33.398] [INFO] default - POST /api/session/register
[2022-05-08T16:41:30.971] [INFO] default - POST /api/session/register
[2022-05-08T16:41:51.172] [INFO] default - POST /api/session/login
[2022-05-08T16:41:53.871] [INFO] default - GET /api/session/current
[2022-05-08T16:41:54.135] [INFO] default - GET /api/session/current
[2022-05-08T16:41:55.779] [INFO] default - GET /api/products
[2022-05-08T16:42:38.592] [INFO] default - POST /api/session/login
[2022-05-08T16:43:09.298] [INFO] default - POST /api/session/register
[2022-05-08T16:45:04.782] [INFO] default - POST /api/session/register
[2022-05-08T16:47:47.817] [INFO] default - POST /api/session/register
[2022-05-08T16:49:33.635] [INFO] default - POST /api/session/register
[2022-05-08T16:52:04.206] [INFO] default - POST /api/session/register
[2022-05-08T16:55:55.342] [INFO] default - POST /api/session/register
[2022-05-08T16:56:46.058] [INFO] default - POST /api/session/register
[2022-05-08T16:57:56.139] [INFO] default - POST /api/session/register
[2022-05-08T17:00:21.007] [INFO] default - POST /api/session/register
[2022-05-08T17:07:32.006] [INFO] default - POST /api/session/login
[2022-05-08T17:07:56.679] [INFO] default - POST /api/session/register
[2022-05-08T17:09:08.590] [INFO] default - POST /api/session/register
[2022-05-08T17:10:01.227] [INFO] default - POST /api/session/register
[2022-05-08T17:11:29.631] [INFO] default - POST /api/session/register
[2022-05-08T17:12:50.522] [INFO] default - POST /api/session/register
[2022-05-08T17:13:54.415] [INFO] default - POST /api/session/register
[2022-05-08T17:15:56.947] [INFO] default - POST /api/session/register
[2022-05-08T17:17:22.662] [INFO] default - POST /api/session/register
[2022-05-08T17:17:57.243] [INFO] default - POST /api/session/register
[2022-05-08T17:19:32.656] [INFO] default - POST /api/session/register
[2022-05-08T17:23:39.502] [INFO] default - POST /api/session/register
[2022-05-08T17:24:54.946] [INFO] default - POST /api/session/register
[2022-05-08T21:33:52.227] [INFO] default - POST /api/session/register
[2022-05-08T21:39:44.246] [INFO] default - POST /api/session/register
[2022-05-08T21:40:22.781] [INFO] default - POST /api/session/register
[2022-05-08T21:41:08.867] [INFO] default - POST /api/session/register
[2022-05-08T21:42:21.501] [INFO] default - POST /api/session/register
[2022-05-08T21:47:11.743] [INFO] default - POST /api/session/register
[2022-05-08T21:49:43.143] [INFO] default - POST /api/session/register
[2022-05-08T21:49:56.485] [INFO] default - POST /api/session/login
[2022-05-08T21:49:59.395] [INFO] default - GET /api/session/current
[2022-05-08T21:49:59.640] [INFO] default - GET /api/session/current
[2022-05-08T21:50:01.373] [INFO] default - GET /api/products
[2022-05-08T21:52:03.757] [INFO] default - POST /api/session/login
[2022-05-08T21:53:23.785] [INFO] default - POST /api/session/register
[2022-05-08T21:55:33.752] [INFO] default - POST /api/session/register
[2022-05-08T21:57:20.386] [INFO] default - POST /api/session/register
[2022-05-08T22:02:48.118] [INFO] default - POST /api/session/register
[2022-05-08T22:08:28.473] [INFO] default - GET /api/session/current
[2022-05-08T22:08:28.791] [INFO] default - GET /api/session/current
[2022-05-08T22:08:31.574] [INFO] default - GET /api/products
[2022-05-08T22:13:47.142] [INFO] default - POST /api/session/register
[2022-05-08T22:16:34.306] [INFO] default - POST /api/session/register
[2022-05-08T22:17:20.284] [INFO] default - POST /api/session/register
[2022-05-08T22:19:01.274] [INFO] default - POST /api/session/register
[2022-05-08T22:21:39.026] [INFO] default - POST /api/session/register
[2022-05-08T22:22:52.282] [INFO] default - POST /api/session/register
[2022-05-08T22:23:20.865] [INFO] default - POST /api/session/register
[2022-05-08T22:29:58.022] [INFO] default - POST /api/session/register
[2022-05-08T22:32:46.645] [INFO] default - POST /api/session/register
[2022-05-08T22:38:36.059] [INFO] default - POST /api/session/register
[2022-05-08T22:39:38.933] [INFO] default - POST /api/session/login
[2022-05-08T22:39:42.157] [INFO] default - GET /api/session/current
[2022-05-08T22:39:42.365] [INFO] default - GET /api/session/current
[2022-05-08T22:39:43.065] [INFO] default - GET /api/products
[2022-05-08T22:39:49.729] [INFO] default - GET /api/session/current
[2022-05-08T22:40:04.229] [INFO] default - GET /api/session/current
[2022-05-08T22:45:00.579] [INFO] default - GET /api/session/current
[2022-05-08T22:45:00.822] [INFO] default - GET /api/session/current
[2022-05-08T22:45:01.026] [INFO] default - GET /api/session/current
[2022-05-08T22:45:01.457] [INFO] default - GET /api/session/current
[2022-05-08T22:45:01.664] [INFO] default - GET /api/session/current
[2022-05-08T22:45:01.752] [INFO] default - GET /api/products
[2022-05-08T22:45:07.432] [INFO] default - GET /api/session/current
[2022-05-08T22:50:59.214] [INFO] default - GET /api/session/current
[2022-05-08T22:50:59.426] [INFO] default - GET /api/session/current
[2022-05-08T22:51:00.287] [INFO] default - GET /api/products
[2022-05-08T22:51:05.358] [INFO] default - GET /api/products/6276f9364d1547fa69742135
[2022-05-08T22:51:05.362] [INFO] default - GET /api/carts/6278709d76015f88603afc2b
[2022-05-08T22:51:05.589] [INFO] default - GET /api/carts/6278709d76015f88603afc2b
[2022-05-08T22:51:05.801] [INFO] default - GET /api/carts/6278709d76015f88603afc2b
[2022-05-08T22:51:13.330] [INFO] default - GET /api/products
[2022-05-08T22:51:25.864] [INFO] default - GET /api/session/current
[2022-05-08T22:52:28.277] [INFO] default - GET /api/session/current
[2022-05-08T22:52:28.488] [INFO] default - GET /api/session/current
[2022-05-08T22:52:29.544] [INFO] default - GET /api/session/current
[2022-05-08T22:52:40.214] [INFO] default - GET /api/session/current
[2022-05-08T22:52:40.458] [INFO] default - GET /api/session/current
[2022-05-08T22:52:41.547] [INFO] default - GET /api/session/current
[2022-05-08T22:54:43.695] [INFO] default - GET /api/session/current
[2022-05-08T22:54:43.994] [INFO] default - GET /api/session/current
[2022-05-08T22:54:45.070] [INFO] default - GET /api/session/current
[2022-05-08T22:55:03.426] [INFO] default - POST /api/session/login
[2022-05-08T22:55:05.949] [INFO] default - GET /api/session/current
[2022-05-08T22:55:06.199] [INFO] default - GET /api/products
[2022-05-08T22:55:06.203] [INFO] default - GET /api/session/current
[2022-05-08T22:55:08.984] [INFO] default - GET /api/session/current
[2022-05-08T22:55:43.956] [INFO] default - GET /api/products
[2022-05-09T10:11:22.909] [INFO] default - POST /api/session/login
[2022-05-09T10:11:25.833] [INFO] default - GET /api/session/current
[2022-05-09T10:11:26.111] [INFO] default - GET /api/session/current
[2022-05-09T10:11:26.250] [INFO] default - GET /api/products
[2022-05-09T10:11:36.461] [INFO] default - GET /api/session/current
[2022-05-09T10:11:48.293] [INFO] default - GET /api/products
[2022-05-09T10:11:52.315] [INFO] default - GET /api/products/6276f9364d1547fa69742135
[2022-05-09T10:11:52.328] [INFO] default - GET /api/carts/627865286eff897b61b96283
[2022-05-09T10:11:52.587] [INFO] default - GET /api/carts/627865286eff897b61b96283
[2022-05-09T10:11:52.795] [INFO] default - GET /api/carts/627865286eff897b61b96283
[2022-05-09T10:12:00.815] [INFO] default - POST /api/carts/627865286eff897b61b96283/products/6276f9364d1547fa69742135
[2022-05-09T10:12:04.565] [INFO] default - GET /api/session/current
[2022-05-09T10:12:04.809] [INFO] default - GET /api/session/current
[2022-05-09T10:12:04.855] [INFO] default - GET /api/products
[2022-05-09T10:12:07.633] [INFO] default - GET /api/products/6276f9364d1547fa69742135
[2022-05-09T10:12:07.641] [INFO] default - GET /api/carts/627865286eff897b61b96283
[2022-05-09T10:12:08.058] [INFO] default - GET /api/carts/627865286eff897b61b96283
[2022-05-09T10:12:08.074] [INFO] default - GET /api/session/current
[2022-05-09T10:12:08.492] [INFO] default - GET /api/carts/627865286eff897b61b96283
[2022-05-09T10:32:22.156] [INFO] default - GET /api/products
[2022-05-09T10:32:43.988] [INFO] default - POST /api/session/login
[2022-05-09T10:32:46.610] [INFO] default - GET /api/session/current
[2022-05-09T10:32:46.623] [INFO] default - GET /api/session/current
[2022-05-09T10:32:47.003] [INFO] default - GET /api/products
[2022-05-09T10:33:16.114] [INFO] default - GET /api/products
[2022-05-09T10:47:28.618] [INFO] default - GET /api/session/current
[2022-05-09T10:47:28.629] [INFO] default - GET /api/session/current
[2022-05-09T10:47:29.280] [INFO] default - GET /api/products
[2022-05-09T10:50:40.380] [INFO] default - GET /api/products
[2022-05-09T12:21:43.003] [INFO] default - POST /api/session/login
[2022-05-09T12:21:45.736] [INFO] default - GET /api/session/current
[2022-05-09T12:21:46.068] [INFO] default - GET /api/session/current
[2022-05-09T12:21:46.095] [INFO] default - GET /api/products
[2022-05-09T12:21:47.446] [INFO] default - GET /api/session/current
[2022-05-09T12:22:13.883] [INFO] default - GET /api/products/6276eef0fbc8c2b860577c9e
[2022-05-09T12:22:13.895] [INFO] default - GET /api/carts/627865286eff897b61b96283
[2022-05-09T12:22:14.366] [INFO] default - GET /api/carts/627865286eff897b61b96283
[2022-05-09T12:22:14.820] [INFO] default - GET /api/carts/627865286eff897b61b96283
[2022-05-09T12:22:23.431] [INFO] default - GET /api/carts/627865286eff897b61b96283
[2022-05-09T12:24:05.420] [INFO] default - POST /api/session/login
[2022-05-09T12:24:13.630] [INFO] default - POST /api/session/login
[2022-05-09T12:26:06.819] [INFO] default - POST /api/session/login
[2022-05-09T12:49:15.660] [INFO] default - POST /api/session/login
[2022-05-09T12:56:12.254] [INFO] default - POST /api/session/login
[2022-05-09T12:56:28.188] [INFO] default - POST /api/session/login
[2022-05-09T12:56:28.660] [INFO] default - POST /api/session/login
[2022-05-09T12:56:29.161] [INFO] default - GET /api/session/current
[2022-05-09T12:56:29.279] [INFO] default - GET /api/products
[2022-05-09T12:56:29.430] [INFO] default - GET /api/session/current
[2022-05-09T12:56:30.999] [INFO] default - GET /api/session/current
[2022-05-09T12:56:37.079] [INFO] default - GET /api/carts/6278709d76015f88603afc2b
[2022-05-09T12:56:43.530] [INFO] default - GET /api/products
[2022-05-09T12:56:53.770] [INFO] default - GET /api/products/6276ee33fbc8c2b860577c9c
[2022-05-09T12:56:53.784] [INFO] default - GET /api/carts/6278709d76015f88603afc2b
[2022-05-09T12:56:54.021] [INFO] default - GET /api/carts/6278709d76015f88603afc2b
[2022-05-09T12:56:54.244] [INFO] default - GET /api/carts/6278709d76015f88603afc2b
[2022-05-09T12:56:56.312] [INFO] default - POST /api/carts/6278709d76015f88603afc2b/products/6276ee33fbc8c2b860577c9c
[2022-05-09T12:57:00.213] [INFO] default - GET /api/session/current
[2022-05-09T12:57:00.471] [INFO] default - GET /api/products
[2022-05-09T12:57:00.522] [INFO] default - GET /api/session/current
[2022-05-09T12:57:00.784] [INFO] default - GET /api/session/current
[2022-05-09T12:57:03.113] [INFO] default - GET /api/carts/6278709d76015f88603afc2b
[2022-05-09T13:19:29.299] [INFO] default - GET /api/session/current
[2022-05-09T13:19:29.645] [INFO] default - GET /api/carts/6278709d76015f88603afc2b
[2022-05-09T13:19:30.844] [INFO] default - GET /api/session/current
[2022-05-09T13:19:32.560] [INFO] default - GET /api/session/current
[2022-05-09T13:20:18.915] [INFO] default - GET /api/session/current
[2022-05-09T13:20:19.200] [INFO] default - GET /api/session/current
[2022-05-09T13:20:19.632] [INFO] default - GET /api/products
[2022-05-09T13:20:20.019] [INFO] default - GET /api/session/current
[2022-05-09T13:34:33.338] [INFO] default - GET /api/session/current
[2022-05-09T13:34:33.990] [INFO] default - GET /api/products
[2022-05-09T13:34:34.104] [INFO] default - GET /api/session/current
[2022-05-09T13:34:34.374] [INFO] default - GET /api/session/current
[2022-05-09T13:35:20.330] [INFO] default - POST /api/session/login
[2022-05-09T13:36:39.421] [INFO] default - POST /api/session/register
[2022-05-09T13:38:31.359] [INFO] default - POST /api/session/register
[2022-05-09T13:42:45.409] [INFO] default - POST /api/session/register
[2022-05-09T13:43:01.811] [INFO] default - POST /api/session/login
[2022-05-09T13:43:02.771] [INFO] default - GET /api/session/current
[2022-05-09T13:43:03.008] [INFO] default - GET /api/session/current
[2022-05-09T13:43:03.110] [INFO] default - GET /api/products
[2022-05-09T13:43:03.347] [INFO] default - GET /api/session/current
[2022-05-09T13:43:17.916] [INFO] default - GET /api/carts/62794487b6e3985298d71a53
[2022-05-09T13:43:20.559] [INFO] default - GET /api/products
[2022-05-09T13:47:22.918] [INFO] default - GET /api/products/6277edf034bb1d7e66ac7a01
[2022-05-09T13:47:22.930] [INFO] default - GET /api/carts/62794487b6e3985298d71a53
[2022-05-09T13:47:43.548] [INFO] default - POST /api/carts/62794487b6e3985298d71a53/products/6277edf034bb1d7e66ac7a01
[2022-05-09T13:47:47.413] [INFO] default - GET /api/session/current
[2022-05-09T13:47:47.658] [INFO] default - GET /api/session/current
[2022-05-09T13:47:47.707] [INFO] default - GET /api/products
[2022-05-09T13:47:47.945] [INFO] default - GET /api/session/current
[2022-05-09T13:47:51.937] [INFO] default - GET /api/carts/62794487b6e3985298d71a53
[2022-05-09T13:48:20.395] [INFO] default - PUT /api/carts/62794487b6e3985298d71a53
[2022-05-09T13:53:45.218] [INFO] default - PUT /api/carts/62794487b6e3985298d71a53
[2022-05-09T13:57:56.019] [INFO] default - PUT /api/carts/62794487b6e3985298d71a53
[2022-05-09T13:59:16.479] [INFO] default - PUT /api/carts/62794487b6e3985298d71a53
[2022-05-09T14:00:22.552] [INFO] default - PUT /api/carts/62794487b6e3985298d71a53
[2022-05-09T14:01:20.768] [INFO] default - PUT /api/carts/62794487b6e3985298d71a53
[2022-05-09T14:25:43.235] [INFO] default - PUT /api/carts/62794487b6e3985298d71a53
[2022-05-09T14:27:03.301] [INFO] default - PUT /api/carts/62794487b6e3985298d71a53
[2022-05-09T14:28:52.919] [INFO] default - PUT /api/carts/62794487b6e3985298d71a53
[2022-05-09T14:30:55.481] [INFO] default - PUT /api/carts/62794487b6e3985298d71a53
[2022-05-09T14:32:40.551] [INFO] default - PUT /api/carts/62794487b6e3985298d71a53
[2022-05-09T14:34:31.405] [INFO] default - PUT /api/carts/62794487b6e3985298d71a53
[2022-05-09T14:41:45.226] [INFO] default - PUT /api/carts/62794487b6e3985298d71a53
[2022-05-09T14:42:38.295] [INFO] default - GET /api/products
[2022-05-09T14:42:45.291] [INFO] default - GET /api/products/6276f9364d1547fa69742135
[2022-05-09T14:42:45.305] [INFO] default - GET /api/carts/62794487b6e3985298d71a53
[2022-05-09T14:42:45.776] [INFO] default - GET /api/carts/62794487b6e3985298d71a53
[2022-05-09T14:42:46.246] [INFO] default - GET /api/carts/62794487b6e3985298d71a53
[2022-05-09T14:42:54.033] [INFO] default - POST /api/carts/62794487b6e3985298d71a53/products/6276f9364d1547fa69742135
[2022-05-09T14:42:57.904] [INFO] default - GET /api/session/current
[2022-05-09T14:42:58.206] [INFO] default - GET /api/session/current
[2022-05-09T14:42:58.381] [INFO] default - GET /api/products
[2022-05-09T14:42:58.619] [INFO] default - GET /api/session/current
[2022-05-09T14:43:03.003] [INFO] default - GET /api/products/6276ef55fbc8c2b860577ca0
[2022-05-09T14:43:03.013] [INFO] default - GET /api/carts/62794487b6e3985298d71a53
[2022-05-09T14:43:03.469] [INFO] default - GET /api/carts/62794487b6e3985298d71a53
[2022-05-09T14:43:03.925] [INFO] default - GET /api/carts/62794487b6e3985298d71a53
[2022-05-09T14:43:05.241] [INFO] default - GET /api/carts/62794487b6e3985298d71a53
[2022-05-09T14:43:41.452] [INFO] default - PUT /api/carts/62794487b6e3985298d71a53
[2022-05-09T14:44:29.707] [INFO] default - DELETE /api/carts/62794487b6e3985298d71a53/products/6276f9364d1547fa69742135
[2022-05-09T14:44:44.819] [INFO] default - DELETE /api/carts/62794487b6e3985298d71a53/products/6276f9364d1547fa69742135
[2022-05-09T14:47:49.705] [INFO] default - DELETE /api/carts/62794487b6e3985298d71a53/products/6276f9364d1547fa69742135
[2022-05-09T14:47:54.782] [INFO] default - GET /api/carts/62794487b6e3985298d71a53
[2022-05-09T14:47:59.518] [INFO] default - DELETE /api/carts/62794487b6e3985298d71a53/products/6276f9364d1547fa69742135
[2022-05-09T14:47:59.763] [INFO] default - GET /api/carts/62794487b6e3985298d71a53
[2022-05-09T14:49:36.978] [INFO] default - DELETE /api/carts/62794487b6e3985298d71a53/products/6276f9364d1547fa69742135
[2022-05-09T14:49:38.174] [INFO] default - GET /api/carts/62794487b6e3985298d71a53
[2022-05-09T14:52:58.544] [INFO] default - DELETE /api/carts/62794487b6e3985298d71a53/products/6276f9364d1547fa69742135
[2022-05-09T14:53:03.318] [INFO] default - GET /api/carts/62794487b6e3985298d71a53
[2022-05-09T14:53:25.464] [INFO] default - DELETE /api/carts/62794487b6e3985298d71a53/products/6276f9364d1547fa69742135
[2022-05-09T14:53:25.689] [INFO] default - GET /api/carts/62794487b6e3985298d71a53
[2022-05-09T14:56:08.969] [INFO] default - DELETE /api/carts/62794487b6e3985298d71a53/products/6276f9364d1547fa69742135
[2022-05-09T14:57:42.913] [INFO] default - DELETE /api/carts/62794487b6e3985298d71a53/products/6276f9364d1547fa69742135
[2022-05-09T14:57:43.187] [INFO] default - GET /api/carts/62794487b6e3985298d71a53
[2022-05-09T15:07:45.283] [INFO] default - DELETE /api/carts/62794487b6e3985298d71a53/products/6276f9364d1547fa69742135
[2022-05-09T15:08:28.728] [INFO] default - DELETE /api/carts/62794487b6e3985298d71a53/products/6276f9364d1547fa69742135
[2022-05-09T15:08:29.023] [INFO] default - GET /api/carts/62794487b6e3985298d71a53
[2022-05-09T15:11:17.473] [INFO] default - DELETE /api/carts/62794487b6e3985298d71a53/products/6276f9364d1547fa69742135
[2022-05-09T15:20:30.134] [INFO] default - DELETE /api/carts/62794487b6e3985298d71a53/products/6276f9364d1547fa69742135
[2022-05-09T15:20:30.702] [INFO] default - GET /api/carts/62794487b6e3985298d71a53
[2022-05-09T15:21:26.787] [INFO] default - DELETE /api/carts/62794487b6e3985298d71a53/products/6276f9364d1547fa69742135
[2022-05-09T15:21:27.428] [INFO] default - GET /api/carts/62794487b6e3985298d71a53
[2022-05-09T15:22:52.979] [INFO] default - DELETE /api/carts/62794487b6e3985298d71a53/products/6276f9364d1547fa69742135
[2022-05-09T15:22:53.575] [INFO] default - GET /api/carts/62794487b6e3985298d71a53
[2022-05-09T15:25:01.028] [INFO] default - DELETE /api/carts/62794487b6e3985298d71a53/products/6276f9364d1547fa69742135
[2022-05-09T15:27:46.062] [INFO] default - DELETE /api/carts/62794487b6e3985298d71a53/products/6276f9364d1547fa69742135
[2022-05-09T15:29:27.313] [INFO] default - DELETE /api/carts/62794487b6e3985298d71a53/products/6276f9364d1547fa69742135
[2022-05-09T15:31:20.695] [INFO] default - DELETE /api/carts/62794487b6e3985298d71a53/products/6276f9364d1547fa69742135
[2022-05-09T15:34:02.365] [INFO] default - DELETE /api/carts/62794487b6e3985298d71a53/products/6276f9364d1547fa69742135
[2022-05-09T15:35:49.276] [INFO] default - DELETE /api/carts/62794487b6e3985298d71a53/products/6276f9364d1547fa69742135
[2022-05-09T15:37:37.516] [INFO] default - DELETE /api/carts/62794487b6e3985298d71a53/products/6276f9364d1547fa69742135
[2022-05-09T15:37:38.704] [INFO] default - GET /api/carts/62794487b6e3985298d71a53
[2022-05-09T15:39:39.739] [INFO] default - DELETE /api/carts/62794487b6e3985298d71a53/products/6276f9364d1547fa69742135
[2022-05-09T15:41:42.612] [INFO] default - DELETE /api/carts/62794487b6e3985298d71a53/products/6276f9364d1547fa69742135
[2022-05-09T15:44:27.983] [INFO] default - DELETE /api/carts/62794487b6e3985298d71a53/products/6276f9364d1547fa69742135
[2022-05-09T15:46:12.023] [INFO] default - DELETE /api/carts/62794487b6e3985298d71a53/products/6276f9364d1547fa69742135
[2022-05-09T15:47:02.039] [INFO] default - DELETE /api/carts/62794487b6e3985298d71a53/products/6276f9364d1547fa69742135
[2022-05-09T16:00:10.838] [INFO] default - DELETE /api/carts/62794487b6e3985298d71a53/products/6276f9364d1547fa69742135
[2022-05-09T16:04:06.141] [INFO] default - DELETE /api/carts/62794487b6e3985298d71a53/products/6276f9364d1547fa69742135
[2022-05-09T16:04:49.208] [INFO] default - DELETE /api/carts/62794487b6e3985298d71a53/products/6276f9364d1547fa69742135
[2022-05-09T16:06:00.932] [INFO] default - DELETE /api/carts/62794487b6e3985298d71a53/products/6276f9364d1547fa69742135
[2022-05-09T16:06:44.295] [INFO] default - DELETE /api/carts/62794487b6e3985298d71a53/products/6276f9364d1547fa69742135
[2022-05-09T16:11:52.505] [INFO] default - DELETE /api/carts/62794487b6e3985298d71a53/products/6276f9364d1547fa69742135
[2022-05-09T16:12:25.787] [INFO] default - DELETE /api/carts/62794487b6e3985298d71a53/products/6276f9364d1547fa69742135
[2022-05-09T16:15:53.879] [INFO] default - DELETE /api/carts/62794487b6e3985298d71a53/products/6276f9364d1547fa69742135
[2022-05-09T16:17:02.740] [INFO] default - DELETE /api/carts/62794487b6e3985298d71a53/products/6276f9364d1547fa69742135
[2022-05-09T16:19:57.988] [INFO] default - DELETE /api/carts/62794487b6e3985298d71a53/products/6276f9364d1547fa69742135
[2022-05-09T16:22:55.325] [INFO] default - DELETE /api/carts/62794487b6e3985298d71a53/products/6276f9364d1547fa69742135
[2022-05-09T16:27:38.116] [INFO] default - DELETE /api/carts/62794487b6e3985298d71a53/products/6276f9364d1547fa69742135
[2022-05-09T16:29:19.451] [INFO] default - DELETE /api/carts/62794487b6e3985298d71a53/products/6276f9364d1547fa69742135
[2022-05-09T16:35:16.553] [INFO] default - DELETE /api/carts/62794487b6e3985298d71a53/products/6276f9364d1547fa69742135
[2022-05-09T16:37:50.862] [INFO] default - DELETE /api/carts/62794487b6e3985298d71a53/products/6276f9364d1547fa69742135
[2022-05-09T16:37:52.219] [INFO] default - GET /api/carts/62794487b6e3985298d71a53
[2022-05-09T16:41:02.858] [INFO] default - PUT /api/carts/62794487b6e3985298d71a53
[2022-05-09T16:41:10.533] [INFO] default - DELETE /api/carts/62794487b6e3985298d71a53/products/6277edf034bb1d7e66ac7a01
[2022-05-09T16:41:44.413] [INFO] default - DELETE /api/carts/62794487b6e3985298d71a53/products/6277edf034bb1d7e66ac7a01
[2022-05-09T16:41:45.730] [INFO] default - GET /api/carts/62794487b6e3985298d71a53
[2022-05-09T16:43:54.134] [INFO] default - GET /api/products
